[TexText][[41m[97mCRITICAL[0m]: [49m[31m+ [Fail][0m TexText requirements
[TexText][[49m[32mSUCCESS [0m]: [49m[31m/-and-[49m[32m* [Succ][0m Detect inkscape>=1.0
[TexText][[49m[32mSUCCESS [0m]: [49m[31m|[0m      inkscape=1.1 is found
[TexText][[41m[97mCRITICAL[0m]: [49m[31m/-and-[49m[31m+ [Fail][0m Detect *latex
[TexText][[41m[97mCRITICAL[0m]: [49m[31m|[0m      Please follow installation instructions at 
[TexText][[41m[97mCRITICAL[0m]: [49m[31m|[0m             [94m[4mhttps://textext.github.io/textext/install/windows.html#windows-install-preparation[0m
[TexText][[41m[97mCRITICAL[0m]: [49m[31m|[0m     [49m[31m/--or-[49m[31m* [Fail][0m `pdflatex.exe` is NOT found in PATH
[TexText][[41m[97mCRITICAL[0m]: [49m[31m|[0m     [49m[31m|[0m      Please follow installation instructions at 
[TexText][[41m[97mCRITICAL[0m]: [49m[31m|[0m     [49m[31m|[0m             [94m[4mhttps://textext.github.io/textext/install/windows.html#windows-install-preparation[0m
[TexText][[41m[97mCRITICAL[0m]: [49m[31m|[0m     [49m[31m|[0m      If pdflatex is installed in custom location, specify it via 
[TexText][[41m[97mCRITICAL[0m]: [49m[31m|[0m     [49m[31m|[0m             --pdflatex-executable=<path-to-pdflatex>
[TexText][[41m[97mCRITICAL[0m]: [49m[31m|[0m     [49m[31m|[0m      and run setup.py again
[TexText][[41m[97mCRITICAL[0m]: [49m[31m|[0m     [49m[31m/--or-[49m[31m* [Fail][0m `lualatex.exe` is NOT found in PATH
[TexText][[41m[97mCRITICAL[0m]: [49m[31m|[0m     [49m[31m|[0m      Please follow installation instructions at 
[TexText][[41m[97mCRITICAL[0m]: [49m[31m|[0m     [49m[31m|[0m             [94m[4mhttps://textext.github.io/textext/install/windows.html#windows-install-preparation[0m
[TexText][[41m[97mCRITICAL[0m]: [49m[31m|[0m     [49m[31m|[0m      If lualatex is installed in custom location, specify it via 
[TexText][[41m[97mCRITICAL[0m]: [49m[31m|[0m     [49m[31m|[0m             --lualatex-executable=<path-to-lualatex>
[TexText][[41m[97mCRITICAL[0m]: [49m[31m|[0m     [49m[31m|[0m      and run setup.py again
[TexText][[41m[97mCRITICAL[0m]: [49m[31m|[0m     [49m[31m/--or-[49m[31m* [Fail][0m `xelatex.exe` is NOT found in PATH
[TexText][[41m[97mCRITICAL[0m]: [49m[31m|[0m            Please follow installation instructions at 
[TexText][[41m[97mCRITICAL[0m]: [49m[31m|[0m                   [94m[4mhttps://textext.github.io/textext/install/windows.html#windows-install-preparation[0m
[TexText][[41m[97mCRITICAL[0m]: [49m[31m|[0m            If xelatex is installed in custom location, specify it via 
[TexText][[41m[97mCRITICAL[0m]: [49m[31m|[0m                   --xelatex-executable=<path-to-xelatex>
[TexText][[41m[97mCRITICAL[0m]: [49m[31m|[0m            and run setup.py again
[TexText][[49m[32mSUCCESS [0m]: [49m[31m/-and-[49m[32m+ [Succ][0m Detect GUI library
[TexText][[49m[32mSUCCESS [0m]:       [49m[32m/--or-[49m[32m* [Succ][0m GTK3 is found
[TexText][[49m[32mSUCCESS [0m]:       [49m[32m/--or-[49m[32m* [Succ][0m TkInter is found
[TexText][[49m[31mERROR   [0m]: Automatic requirements check found issue
[TexText][[49m[31mERROR   [0m]: Follow instruction above and run install script again
[TexText][[49m[31mERROR   [0m]: To bypass requirement check pass `--skip-requirements-check` to setup.py
